This is pdfTeX, Version 3.141592653-2.6-1.40.22 (MiKTeX 21.2) (preloaded format=pdflatex 2021.3.24)  8 FEB 2023 12:09
entering extended mode
**c:/Users/kobez/OneDrive/Documents/GitHub/recursive-filtering-2-24/paper_2_4/paper.tex
(c:/Users/kobez/OneDrive/Documents/GitHub/recursive-filtering-2-24/paper_2_4/paper.tex
LaTeX2e <2020-10-01> patch level 4
L3 programming layer <2021-02-18> xparse <2020-03-03> (C:\Users\kobez\AppData\Local\Programs\MiKTeX\tex/latex/ieeetran\IEEEtran.cls
Document Class: IEEEtran 2015/08/26 V1.8b by Michael Shell
-- See the "IEEEtran_HOWTO" manual for usage information.
-- http://www.michaelshell.org/tex/ieeetran/
\@IEEEtrantmpdimenA=\dimen138
\@IEEEtrantmpdimenB=\dimen139
\@IEEEtrantmpdimenC=\dimen140
\@IEEEtrantmpcountA=\count179
\@IEEEtrantmpcountB=\count180
\@IEEEtrantmpcountC=\count181
\@IEEEtrantmptoksA=\toks15
LaTeX Font Info:    Trying to load font information for OT1+ptm on input line 503.
(C:\Users\kobez\AppData\Local\Programs\MiKTeX\tex/latex/psnfss\ot1ptm.fd
File: ot1ptm.fd 2001/06/04 font definitions for OT1/ptm.
)
-- Using IEEE Communications Society mode.
-- Using 8.5in x 11in (letter) paper.
-- Using PDF output.
\@IEEEnormalsizeunitybaselineskip=\dimen141
-- This is a 10 point document.
\CLASSINFOnormalsizebaselineskip=\dimen142
\CLASSINFOnormalsizeunitybaselineskip=\dimen143
\IEEEnormaljot=\dimen144
LaTeX Font Info:    Font shape `OT1/ptm/bx/n' in size <5> not available
(Font)              Font shape `OT1/ptm/b/n' tried instead on input line 1090.
LaTeX Font Info:    Font shape `OT1/ptm/bx/it' in size <5> not available
(Font)              Font shape `OT1/ptm/b/it' tried instead on input line 1090.
LaTeX Font Info:    Font shape `OT1/ptm/bx/n' in size <7> not available
(Font)              Font shape `OT1/ptm/b/n' tried instead on input line 1090.
LaTeX Font Info:    Font shape `OT1/ptm/bx/it' in size <7> not available
(Font)              Font shape `OT1/ptm/b/it' tried instead on input line 1090.
LaTeX Font Info:    Font shape `OT1/ptm/bx/n' in size <8> not available
(Font)              Font shape `OT1/ptm/b/n' tried instead on input line 1090.
LaTeX Font Info:    Font shape `OT1/ptm/bx/it' in size <8> not available
(Font)              Font shape `OT1/ptm/b/it' tried instead on input line 1090.
LaTeX Font Info:    Font shape `OT1/ptm/bx/n' in size <9> not available
(Font)              Font shape `OT1/ptm/b/n' tried instead on input line 1090.
LaTeX Font Info:    Font shape `OT1/ptm/bx/it' in size <9> not available
(Font)              Font shape `OT1/ptm/b/it' tried instead on input line 1090.
LaTeX Font Info:    Font shape `OT1/ptm/bx/n' in size <10> not available
(Font)              Font shape `OT1/ptm/b/n' tried instead on input line 1090.
LaTeX Font Info:    Font shape `OT1/ptm/bx/it' in size <10> not available
(Font)              Font shape `OT1/ptm/b/it' tried instead on input line 1090.
LaTeX Font Info:    Font shape `OT1/ptm/bx/n' in size <11> not available
(Font)              Font shape `OT1/ptm/b/n' tried instead on input line 1090.
LaTeX Font Info:    Font shape `OT1/ptm/bx/it' in size <11> not available
(Font)              Font shape `OT1/ptm/b/it' tried instead on input line 1090.
LaTeX Font Info:    Font shape `OT1/ptm/bx/n' in size <12> not available
(Font)              Font shape `OT1/ptm/b/n' tried instead on input line 1090.
LaTeX Font Info:    Font shape `OT1/ptm/bx/it' in size <12> not available
(Font)              Font shape `OT1/ptm/b/it' tried instead on input line 1090.
LaTeX Font Info:    Font shape `OT1/ptm/bx/n' in size <17> not available
(Font)              Font shape `OT1/ptm/b/n' tried instead on input line 1090.
LaTeX Font Info:    Font shape `OT1/ptm/bx/it' in size <17> not available
(Font)              Font shape `OT1/ptm/b/it' tried instead on input line 1090.
LaTeX Font Info:    Font shape `OT1/ptm/bx/n' in size <20> not available
(Font)              Font shape `OT1/ptm/b/n' tried instead on input line 1090.
LaTeX Font Info:    Font shape `OT1/ptm/bx/it' in size <20> not available
(Font)              Font shape `OT1/ptm/b/it' tried instead on input line 1090.
LaTeX Font Info:    Font shape `OT1/ptm/bx/n' in size <24> not available
(Font)              Font shape `OT1/ptm/b/n' tried instead on input line 1090.
LaTeX Font Info:    Font shape `OT1/ptm/bx/it' in size <24> not available
(Font)              Font shape `OT1/ptm/b/it' tried instead on input line 1090.
\IEEEquantizedlength=\dimen145
\IEEEquantizedlengthdiff=\dimen146
\IEEEquantizedtextheightdiff=\dimen147
\IEEEilabelindentA=\dimen148
\IEEEilabelindentB=\dimen149
\IEEEilabelindent=\dimen150
\IEEEelabelindent=\dimen151
\IEEEdlabelindent=\dimen152
\IEEElabelindent=\dimen153
\IEEEiednormlabelsep=\dimen154
\IEEEiedmathlabelsep=\dimen155
\IEEEiedtopsep=\skip47
\c@section=\count182
\c@subsection=\count183
\c@subsubsection=\count184
\c@paragraph=\count185
\c@IEEEsubequation=\count186
\abovecaptionskip=\skip48
\belowcaptionskip=\skip49
\c@figure=\count187
\c@table=\count188
\@IEEEeqnnumcols=\count189
\@IEEEeqncolcnt=\count190
\@IEEEsubeqnnumrollback=\count191
\@IEEEquantizeheightA=\dimen156
\@IEEEquantizeheightB=\dimen157
\@IEEEquantizeheightC=\dimen158
\@IEEEquantizeprevdepth=\dimen159
\@IEEEquantizemultiple=\count192
\@IEEEquantizeboxA=\box47
\@IEEEtmpitemindent=\dimen160
\IEEEPARstartletwidth=\dimen161
\c@IEEEbiography=\count193
\@IEEEtranrubishbin=\box48
) (C:\Users\kobez\AppData\Local\Programs\MiKTeX\tex/latex/base\inputenc.sty
Package: inputenc 2020/08/01 v1.3d Input encoding file
\inpenc@prehook=\toks16
\inpenc@posthook=\toks17
) (C:\Users\kobez\AppData\Local\Programs\MiKTeX\tex/latex/base\fontenc.sty
Package: fontenc 2020/08/10 v2.0s Standard LaTeX package
LaTeX Font Info:    Trying to load font information for T1+ptm on input line 112.
 (C:\Users\kobez\AppData\Local\Programs\MiKTeX\tex/latex/psnfss\t1ptm.fd
File: t1ptm.fd 2001/06/04 font definitions for T1/ptm.
)) (C:\Users\kobez\AppData\Local\Programs\MiKTeX\tex/latex/amsmath\amsmath.sty
Package: amsmath 2020/09/23 v2.17i AMS math features
\@mathmargin=\skip50

For additional information on amsmath, use the `?' option.
(C:\Users\kobez\AppData\Local\Programs\MiKTeX\tex/latex/amsmath\amstext.sty
Package: amstext 2000/06/29 v2.01 AMS text
 (C:\Users\kobez\AppData\Local\Programs\MiKTeX\tex/latex/amsmath\amsgen.sty
File: amsgen.sty 1999/11/30 v2.0 generic functions
\@emptytoks=\toks18
\ex@=\dimen162
)) (C:\Users\kobez\AppData\Local\Programs\MiKTeX\tex/latex/amsmath\amsbsy.sty
Package: amsbsy 1999/11/29 v1.2d Bold Symbols
\pmbraise@=\dimen163
) (C:\Users\kobez\AppData\Local\Programs\MiKTeX\tex/latex/amsmath\amsopn.sty
Package: amsopn 2016/03/08 v2.02 operator names
)
\inf@bad=\count194
LaTeX Info: Redefining \frac on input line 234.
\uproot@=\count195
\leftroot@=\count196
LaTeX Info: Redefining \overline on input line 399.
\classnum@=\count197
\DOTSCASE@=\count198
LaTeX Info: Redefining \ldots on input line 496.
LaTeX Info: Redefining \dots on input line 499.
LaTeX Info: Redefining \cdots on input line 620.
\Mathstrutbox@=\box49
\strutbox@=\box50
\big@size=\dimen164
LaTeX Font Info:    Redeclaring font encoding OML on input line 743.
LaTeX Font Info:    Redeclaring font encoding OMS on input line 744.
\macc@depth=\count199
\c@MaxMatrixCols=\count266
\dotsspace@=\muskip16
\c@parentequation=\count267
\dspbrk@lvl=\count268
\tag@help=\toks19
\row@=\count269
\column@=\count270
\maxfields@=\count271
\andhelp@=\toks20
\eqnshift@=\dimen165
\alignsep@=\dimen166
\tagshift@=\dimen167
\tagwidth@=\dimen168
\totwidth@=\dimen169
\lineht@=\dimen170
\@envbody=\toks21
\multlinegap=\skip51
\multlinetaggap=\skip52
\mathdisplay@stack=\toks22
LaTeX Info: Redefining \[ on input line 2923.
LaTeX Info: Redefining \] on input line 2924.
) (C:\Users\kobez\AppData\Local\Programs\MiKTeX\tex/latex/amsfonts\amssymb.sty
Package: amssymb 2013/01/14 v3.01 AMS font symbols
 (C:\Users\kobez\AppData\Local\Programs\MiKTeX\tex/latex/amsfonts\amsfonts.sty
Package: amsfonts 2013/01/14 v3.01 Basic AMSFonts support
\symAMSa=\mathgroup4
\symAMSb=\mathgroup5
LaTeX Font Info:    Redeclaring math symbol \hbar on input line 98.
LaTeX Font Info:    Overwriting math alphabet `\mathfrak' in version `bold'
(Font)                  U/euf/m/n --> U/euf/b/n on input line 106.
)) (C:\Users\kobez\AppData\Local\Programs\MiKTeX\tex/latex/newtx\newtxmath.sty
Package: newtxmath 2021/06/01 v1.655
 `newtxmath' v1.655, 2021/06/01 Math macros based originally on txfonts (msharpe) (C:\Users\kobez\AppData\Local\Programs\MiKTeX\tex/latex/base\ifthen.sty
Package: ifthen 2014/09/29 v1.1c Standard LaTeX ifthen package (DPC)
) (C:\Users\kobez\AppData\Local\Programs\MiKTeX\tex/latex/etoolbox\etoolbox.sty
Package: etoolbox 2020/10/05 v2.5k e-TeX tools for LaTeX (JAW)
\etb@tempcnta=\count272
) (C:\Users\kobez\AppData\Local\Programs\MiKTeX\tex/generic/iftex\ifxetex.sty
Package: ifxetex 2019/10/25 v0.7 ifxetex legacy package. Use iftex instead.
 (C:\Users\kobez\AppData\Local\Programs\MiKTeX\tex/generic/iftex\iftex.sty
Package: iftex 2020/03/06 v1.0d TeX engine tests
)) (C:\Users\kobez\AppData\Local\Programs\MiKTeX\tex/generic/iftex\ifluatex.sty
Package: ifluatex 2019/10/25 v1.5 ifluatex legacy package. Use iftex instead.
) (C:\Users\kobez\AppData\Local\Programs\MiKTeX\tex/latex/xkeyval\xkeyval.sty
Package: xkeyval 2020/11/20 v2.8 package option processing (HA)
 (C:\Users\kobez\AppData\Local\Programs\MiKTeX\tex/generic/xkeyval\xkeyval.tex (C:\Users\kobez\AppData\Local\Programs\MiKTeX\tex/generic/xkeyval\xkvutils.tex
\XKV@toks=\toks23
\XKV@tempa@toks=\toks24
 (C:\Users\kobez\AppData\Local\Programs\MiKTeX\tex/generic/xkeyval\keyval.tex))
\XKV@depth=\count273
File: xkeyval.tex 2014/12/03 v2.7a key=value parser (HA)
)) (C:\Users\kobez\AppData\Local\Programs\MiKTeX\tex/latex/oberdiek\centernot.sty
Package: centernot 2016/05/16 v1.4 Centers the not symbol horizontally (HO)
)
\tx@cntz=\count274
 (C:\Users\kobez\AppData\Local\Programs\MiKTeX\tex/generic/binhex\binhex.tex)
\tx@Isdigit=\count275
\tx@IsAlNum=\count276
\tx@tA=\toks25
\tx@tB=\toks26
\tx@su=\read2
LaTeX Font Info:    Redeclaring symbol font `operators' on input line 360.
LaTeX Font Info:    Overwriting symbol font `operators' in version `normal'
(Font)                  OT1/cmr/m/n --> OT1/ntxtlf/m/n on input line 360.
LaTeX Font Info:    Overwriting symbol font `operators' in version `bold'
(Font)                  OT1/cmr/bx/n --> OT1/ntxtlf/m/n on input line 360.
LaTeX Font Info:    Overwriting symbol font `operators' in version `bold'
(Font)                  OT1/ntxtlf/m/n --> OT1/ntxtlf/b/n on input line 361.
LaTeX Font Info:    Redeclaring math alphabet \mathsf on input line 369.
LaTeX Font Info:    Overwriting math alphabet `\mathsf' in version `normal'
(Font)                  OT1/cmss/m/n --> T1/phv/m/n on input line 369.
LaTeX Font Info:    Overwriting math alphabet `\mathsf' in version `bold'
(Font)                  OT1/cmss/bx/n --> T1/phv/m/n on input line 369.
LaTeX Font Info:    Redeclaring math alphabet \mathit on input line 370.
LaTeX Font Info:    Overwriting math alphabet `\mathit' in version `normal'
(Font)                  OT1/cmr/m/it --> OT1/ntxtlf/m/it on input line 370.
LaTeX Font Info:    Overwriting math alphabet `\mathit' in version `bold'
(Font)                  OT1/cmr/bx/it --> OT1/ntxtlf/m/it on input line 370.
LaTeX Font Info:    Redeclaring math alphabet \mathtt on input line 371.
LaTeX Font Info:    Overwriting math alphabet `\mathtt' in version `normal'
(Font)                  OT1/cmtt/m/n --> T1/pcr/m/n on input line 371.
LaTeX Font Info:    Overwriting math alphabet `\mathtt' in version `bold'
(Font)                  OT1/cmtt/m/n --> T1/pcr/m/n on input line 371.
LaTeX Font Info:    Redeclaring math alphabet \mathbf on input line 373.
LaTeX Font Info:    Overwriting math alphabet `\mathbf' in version `normal'
(Font)                  OT1/cmr/bx/n --> OT1/ntxtlf/b/n on input line 373.
LaTeX Font Info:    Overwriting math alphabet `\mathbf' in version `bold'
(Font)                  OT1/cmr/bx/n --> OT1/ntxtlf/b/n on input line 373.
LaTeX Font Info:    Overwriting math alphabet `\mathit' in version `bold'
(Font)                  OT1/ntxtlf/m/it --> OT1/ntxtlf/b/it on input line 374.
LaTeX Font Info:    Overwriting math alphabet `\mathsf' in version `bold'
(Font)                  T1/phv/m/n --> T1/phv/b/n on input line 375.
LaTeX Font Info:    Overwriting math alphabet `\mathtt' in version `bold'
(Font)                  T1/pcr/m/n --> T1/pcr/b/n on input line 376.
LaTeX Font Info:    Redeclaring symbol font `letters' on input line 477.
LaTeX Font Info:    Overwriting symbol font `letters' in version `normal'
(Font)                  OML/cmm/m/it --> OML/ntxmi/m/it on input line 477.
LaTeX Font Info:    Overwriting symbol font `letters' in version `bold'
(Font)                  OML/cmm/b/it --> OML/ntxmi/m/it on input line 477.
LaTeX Font Info:    Overwriting symbol font `letters' in version `bold'
(Font)                  OML/ntxmi/m/it --> OML/ntxmi/b/it on input line 478.
\symlettersA=\mathgroup6
LaTeX Font Info:    Overwriting symbol font `lettersA' in version `bold'
(Font)                  U/ntxmia/m/it --> U/ntxmia/b/it on input line 533.
LaTeX Font Info:    Redeclaring math alphabet \mathfrak on input line 535.
Now handling font encoding LMS ...
... no UTF-8 mapping file for font encoding LMS
LaTeX Font Info:    Redeclaring symbol font `symbols' on input line 554.
LaTeX Font Info:    Encoding `OMS' has changed to `LMS' for symbol font
(Font)              `symbols' in the math version `normal' on input line 554.
LaTeX Font Info:    Overwriting symbol font `symbols' in version `normal'
(Font)                  OMS/cmsy/m/n --> LMS/ntxsy/m/n on input line 554.
LaTeX Font Info:    Encoding `OMS' has changed to `LMS' for symbol font
(Font)              `symbols' in the math version `bold' on input line 554.
LaTeX Font Info:    Overwriting symbol font `symbols' in version `bold'
(Font)                  OMS/cmsy/b/n --> LMS/ntxsy/m/n on input line 554.
LaTeX Font Info:    Overwriting symbol font `symbols' in version `bold'
(Font)                  LMS/ntxsy/m/n --> LMS/ntxsy/b/n on input line 555.
\symAMSm=\mathgroup7
LaTeX Font Info:    Overwriting symbol font `AMSm' in version `bold'
(Font)                  U/ntxsym/m/n --> U/ntxsym/b/n on input line 580.
\symsymbolsC=\mathgroup8
LaTeX Font Info:    Overwriting symbol font `symbolsC' in version `bold'
(Font)                  U/ntxsyc/m/n --> U/ntxsyc/b/n on input line 601.
Now handling font encoding LMX ...
... no UTF-8 mapping file for font encoding LMX
LaTeX Font Info:    Redeclaring symbol font `largesymbols' on input line 614.
LaTeX Font Info:    Encoding `OMX' has changed to `LMX' for symbol font
(Font)              `largesymbols' in the math version `normal' on input line 614.
LaTeX Font Info:    Overwriting symbol font `largesymbols' in version `normal'
(Font)                  OMX/cmex/m/n --> LMX/ntxexx/m/n on input line 614.
LaTeX Font Info:    Encoding `OMX' has changed to `LMX' for symbol font
(Font)              `largesymbols' in the math version `bold' on input line 614.
LaTeX Font Info:    Overwriting symbol font `largesymbols' in version `bold'
(Font)                  OMX/cmex/m/n --> LMX/ntxexx/m/n on input line 614.
LaTeX Font Info:    Overwriting symbol font `largesymbols' in version `bold'
(Font)                  LMX/ntxexx/m/n --> LMX/ntxexx/b/n on input line 615.
\symlargesymbolsTXA=\mathgroup9
LaTeX Font Info:    Overwriting symbol font `largesymbolsTXA' in version `bold'
(Font)                  U/ntxexa/m/n --> U/ntxexa/b/n on input line 629.
\tx@sbptoks=\toks27
LaTeX Font Info:    Redeclaring math delimiter \lfloor on input line 852.
LaTeX Font Info:    Redeclaring math delimiter \rfloor on input line 853.
LaTeX Font Info:    Redeclaring math delimiter \lceil on input line 854.
LaTeX Font Info:    Redeclaring math delimiter \rceil on input line 855.
LaTeX Font Info:    Redeclaring math delimiter \lbrace on input line 856.
LaTeX Font Info:    Redeclaring math delimiter \rbrace on input line 857.
LaTeX Font Info:    Redeclaring math delimiter \langle on input line 858.
LaTeX Font Info:    Redeclaring math delimiter \rangle on input line 860.
LaTeX Font Info:    Redeclaring math delimiter \arrowvert on input line 864.
LaTeX Font Info:    Redeclaring math delimiter \vert on input line 865.
LaTeX Font Info:    Redeclaring math accent \dot on input line 936.
LaTeX Font Info:    Redeclaring math accent \ddot on input line 937.
LaTeX Font Info:    Redeclaring math accent \vec on input line 2000.
LaTeX Info: Redefining \Bbbk on input line 2788.
LaTeX Info: Redefining \not on input line 2937.
) (C:\Users\kobez\AppData\Local\Programs\MiKTeX\tex/latex/cite\cite.sty
LaTeX Info: Redefining \cite on input line 302.
LaTeX Info: Redefining \nocite on input line 332.
Package: cite 2015/02/27  v 5.5
) (C:\Users\kobez\AppData\Local\Programs\MiKTeX\tex/latex/algorithms\algorithmic.sty
Package: algorithmic 2009/08/24 v0.1 Document Style `algorithmic'
\c@ALC@unique=\count277
\c@ALC@line=\count278
\c@ALC@rem=\count279
\c@ALC@depth=\count280
\ALC@tlm=\skip53
\algorithmicindent=\skip54
) (C:\Users\kobez\AppData\Local\Programs\MiKTeX\tex/latex/graphics\graphicx.sty
Package: graphicx 2020/09/09 v1.2b Enhanced LaTeX Graphics (DPC,SPQR)
 (C:\Users\kobez\AppData\Local\Programs\MiKTeX\tex/latex/graphics\graphics.sty
Package: graphics 2020/08/30 v1.4c Standard LaTeX Graphics (DPC,SPQR)
 (C:\Users\kobez\AppData\Local\Programs\MiKTeX\tex/latex/graphics\trig.sty
Package: trig 2016/01/03 v1.10 sin cos tan (DPC)
) (C:\Users\kobez\AppData\Local\Programs\MiKTeX\tex/latex/graphics-cfg\graphics.cfg
File: graphics.cfg 2016/06/04 v1.11 sample graphics configuration
)
Package graphics Info: Driver file: pdftex.def on input line 105.
 (C:\Users\kobez\AppData\Local\Programs\MiKTeX\tex/latex/graphics-def\pdftex.def
File: pdftex.def 2020/10/05 v1.2a Graphics/color driver for pdftex
))
\Gin@req@height=\dimen171
\Gin@req@width=\dimen172
) (C:\Users\kobez\AppData\Local\Programs\MiKTeX\tex/latex/base\textcomp.sty
Package: textcomp 2020/02/02 v2.0n Standard LaTeX package
) (C:\Users\kobez\AppData\Local\Programs\MiKTeX\tex/latex/xcolor\xcolor.sty
Package: xcolor 2016/05/11 v2.12 LaTeX color extensions (UK)
 (C:\Users\kobez\AppData\Local\Programs\MiKTeX\tex/latex/graphics-cfg\color.cfg
File: color.cfg 2016/01/02 v1.6 sample color configuration
)
Package xcolor Info: Driver file: pdftex.def on input line 225.
Package xcolor Info: Model `cmy' substituted by `cmy0' on input line 1348.
Package xcolor Info: Model `hsb' substituted by `rgb' on input line 1352.
Package xcolor Info: Model `RGB' extended on input line 1364.
Package xcolor Info: Model `HTML' substituted by `rgb' on input line 1366.
Package xcolor Info: Model `Hsb' substituted by `hsb' on input line 1367.
Package xcolor Info: Model `tHsb' substituted by `hsb' on input line 1368.
Package xcolor Info: Model `HSB' substituted by `hsb' on input line 1369.
Package xcolor Info: Model `Gray' substituted by `gray' on input line 1370.
Package xcolor Info: Model `wave' substituted by `hsb' on input line 1371.
) (C:\Users\kobez\AppData\Local\Programs\MiKTeX\tex/latex/latex-tools\bm.sty
Package: bm 2019/07/24 v1.2d Bold Symbol Support (DPC/FMi)
\symboldoperators=\mathgroup10
\symboldletters=\mathgroup11
\symboldsymbols=\mathgroup12
\symboldlargesymbols=\mathgroup13
LaTeX Font Info:    Redeclaring math alphabet \mathbf on input line 141.
LaTeX Info: Redefining \bm on input line 209.
) (C:\Users\kobez\AppData\Local\Programs\MiKTeX\tex/latex/siunitx\siunitx.sty (C:\Users\kobez\AppData\Local\Programs\MiKTeX\tex/latex/l3kernel\expl3.sty
Package: expl3 2021-02-18 L3 programming layer (loader) 
 (C:\Users\kobez\AppData\Local\Programs\MiKTeX\tex/latex/l3backend\l3backend-pdftex.def
File: l3backend-pdftex.def 2021-02-18 L3 backend support: PDF output (pdfTeX)
\l__color_backend_stack_int=\count281
\l__pdf_internal_box=\box51
)) (C:\Users\kobez\AppData\Local\Programs\MiKTeX\tex/latex/l3packages/xparse\xparse.sty
Package: xparse 2020-10-27 L3 Experimental document command parser
 (C:\Users\kobez\AppData\Local\Programs\MiKTeX\tex/latex/l3packages/xparse\xparse-generic.tex))
Package: siunitx 2020/02/25 v2.8b A comprehensive (SI) units package
 (C:\Users\kobez\AppData\Local\Programs\MiKTeX\tex/latex/latex-tools\array.sty
Package: array 2020/10/01 v2.5c Tabular extension package (FMi)
\col@sep=\dimen173
\ar@mcellbox=\box52
\extrarowheight=\dimen174
\NC@list=\toks28
\extratabsurround=\skip55
\backup@length=\skip56
\ar@cellbox=\box53
) (C:\Users\kobez\AppData\Local\Programs\MiKTeX\tex/latex/l3packages/l3keys2e\l3keys2e.sty
Package: l3keys2e 2020-10-27 LaTeX2e option processing using LaTeX3 keys
)
\l__siunitx_tmp_box=\box54
\l__siunitx_tmp_dim=\dimen175
\l__siunitx_tmp_int=\count282
\l__siunitx_number_mantissa_length_int=\count283
\l__siunitx_number_uncert_length_int=\count284
\l__siunitx_round_int=\count285
\l__siunitx_process_decimal_int=\count286
\l__siunitx_process_uncertainty_int=\count287
\l__siunitx_process_fixed_int=\count288
\l__siunitx_process_integer_min_int=\count289
\l__siunitx_process_precision_int=\count290
\l__siunitx_group_min_int=\count291
\l__siunitx_angle_marker_box=\box55
\l__siunitx_angle_unit_box=\box56
\l__siunitx_angle_marker_dim=\dimen176
\l__siunitx_angle_unit_dim=\dimen177
\l__siunitx_unit_int=\count292
\l__siunitx_unit_denominator_int=\count293
\l__siunitx_unit_numerator_int=\count294
\l__siunitx_unit_prefix_int=\count295
\l__siunitx_unit_prefix_base_int=\count296
\l__siunitx_unit_prefix_gram_int=\count297
\l__siunitx_number_product_int=\count298
\c__siunitx_one_fill_skip=\skip57
\l__siunitx_table_unit_align_skip=\skip58
\l__siunitx_table_exponent_dim=\dimen178
\l__siunitx_table_integer_dim=\dimen179
\l__siunitx_table_mantissa_dim=\dimen180
\l__siunitx_table_marker_dim=\dimen181
\l__siunitx_table_result_dim=\dimen182
\l__siunitx_table_uncert_dim=\dimen183
\l__siunitx_table_fill_pre_dim=\dimen184
\l__siunitx_table_fill_post_dim=\dimen185
\l__siunitx_table_fill_mid_dim=\dimen186
\l__siunitx_table_pre_box=\box57
\l__siunitx_table_post_box=\box58
\l__siunitx_table_mantissa_box=\box59
\l__siunitx_table_result_box=\box60
\l__siunitx_table_number_align_skip=\skip59
\l__siunitx_table_text_align_skip=\skip60
 (C:\Users\kobez\AppData\Local\Programs\MiKTeX\tex/latex/translator\translator.sty
Package: translator 2020-08-03 v1.12c Easy translation of strings in LaTeX
)) (C:\Users\kobez\AppData\Local\Programs\MiKTeX\tex/latex/comment\comment.sty
\CommentStream=\write3
 Excluding comment 'comment') (C:\Users\kobez\AppData\Local\Programs\MiKTeX\tex/latex/mathtools\mathtools.sty
Package: mathtools 2020/03/24 v1.24 mathematical typesetting tools
 (C:\Users\kobez\AppData\Local\Programs\MiKTeX\tex/latex/latex-tools\calc.sty
Package: calc 2017/05/25 v4.3 Infix arithmetic (KKT,FJ)
\calc@Acount=\count299
\calc@Bcount=\count300
\calc@Adimen=\dimen187
\calc@Bdimen=\dimen188
\calc@Askip=\skip61
\calc@Bskip=\skip62
LaTeX Info: Redefining \setlength on input line 80.
LaTeX Info: Redefining \addtolength on input line 81.
\calc@Ccount=\count301
\calc@Cskip=\skip63
) (C:\Users\kobez\AppData\Local\Programs\MiKTeX\tex/latex/mathtools\mhsetup.sty
Package: mhsetup 2017/03/31 v1.3 programming setup (MH)
)
LaTeX Info: Thecontrolsequence`\('isalreadyrobust on input line 130.
LaTeX Info: Thecontrolsequence`\)'isalreadyrobust on input line 130.
LaTeX Info: Thecontrolsequence`\['isalreadyrobust on input line 130.
LaTeX Info: Thecontrolsequence`\]'isalreadyrobust on input line 130.
\g_MT_multlinerow_int=\count302
\l_MT_multwidth_dim=\dimen189
\origjot=\skip64
\l_MT_shortvdotswithinadjustabove_dim=\dimen190
\l_MT_shortvdotswithinadjustbelow_dim=\dimen191
\l_MT_above_intertext_sep=\dimen192
\l_MT_below_intertext_sep=\dimen193
\l_MT_above_shortintertext_sep=\dimen194
\l_MT_below_shortintertext_sep=\dimen195
\xmathstrut@box=\box61
\xmathstrut@dim=\dimen196
) (C:\Users\kobez\AppData\Local\Programs\MiKTeX\tex/latex/url\url.sty
\Urlmuskip=\muskip17
Package: url 2013/09/16  ver 3.4  Verb mode for urls, etc.
) (C:\Users\kobez\AppData\Local\Programs\MiKTeX\tex/latex/arydshln\arydshln.sty
Package: arydshln 2019/02/21 v1.76 
\dashlinedash=\dimen197
\dashlinegap=\dimen198
\adl@box=\box62
\adl@height=\dimen199
\adl@heightsave=\dimen256
\adl@depth=\dimen257
\adl@depthsave=\dimen258
\adl@finaldepth=\dimen259
\adl@columns=\count303
\adl@ncol=\count304
\adl@currentcolumn=\count305
\adl@currentcolumnsave=\count306
\adl@totalheight=\count307
\adl@totalheightsave=\count308
\adl@dash=\count309
\adl@gap=\count310
\adl@cla=\count311
\adl@clb=\count312
\adl@everyvbox=\toks29
\adl@LTpagetotal=\dimen260
)
   defining Unicode char U+0303 (decimal 771)
 (paper.aux)
\openout1 = `paper.aux'.

LaTeX Font Info:    Checking defaults for OML/ntxmi/m/it on input line 38.
LaTeX Font Info:    Trying to load font information for OML+ntxmi on input line 38.
 (C:\Users\kobez\AppData\Local\Programs\MiKTeX\tex/latex/newtx\omlntxmi.fd
File: omlntxmi.fd 2015/08/25 Fontinst v1.933 font definitions for OML/ntxmi.
)
LaTeX Font Info:    ... okay on input line 38.
LaTeX Font Info:    Checking defaults for OMS/cmsy/m/n on input line 38.
LaTeX Font Info:    ... okay on input line 38.
LaTeX Font Info:    Checking defaults for OT1/cmr/m/n on input line 38.
LaTeX Font Info:    ... okay on input line 38.
LaTeX Font Info:    Checking defaults for T1/cmr/m/n on input line 38.
LaTeX Font Info:    ... okay on input line 38.
LaTeX Font Info:    Checking defaults for TS1/cmr/m/n on input line 38.
LaTeX Font Info:    ... okay on input line 38.
LaTeX Font Info:    Checking defaults for OMX/cmex/m/n on input line 38.
LaTeX Font Info:    ... okay on input line 38.
LaTeX Font Info:    Checking defaults for U/ntxexa/m/n on input line 38.
LaTeX Font Info:    Trying to load font information for U+ntxexa on input line 38.
 (C:\Users\kobez\AppData\Local\Programs\MiKTeX\tex/latex/newtx\untxexa.fd
File: untxexa.fd 2012/04/16 Fontinst v1.933 font definitions for U/ntxexa.
)
LaTeX Font Info:    ... okay on input line 38.
LaTeX Font Info:    Checking defaults for LMS/ntxsy/m/n on input line 38.
LaTeX Font Info:    Trying to load font information for LMS+ntxsy on input line 38.
 (C:\Users\kobez\AppData\Local\Programs\MiKTeX\tex/latex/newtx\lmsntxsy.fd
File: lmsntxsy.fd 2016/07/02 Fontinst v1.933 font definitions for LMS/ntxsy.
)
LaTeX Font Info:    ... okay on input line 38.
LaTeX Font Info:    Checking defaults for LMX/ntxexx/m/n on input line 38.
LaTeX Font Info:    Trying to load font information for LMX+ntxexx on input line 38.
 (C:\Users\kobez\AppData\Local\Programs\MiKTeX\tex/latex/newtx\lmxntxexx.fd
File: lmxntxexx.fd 2016/07/03 Fontinst v1.933 font definitions for LMX/ntxexx.
)
LaTeX Font Info:    ... okay on input line 38.

-- Verifying Times compatible math font.
-- newtxmath loaded, OK.
-- Lines per column: 56 (exact).
(C:\Users\kobez\AppData\Local\Programs\MiKTeX\tex/context/base/mkii\supp-pdf.mkii
[Loading MPS to PDF converter (version 2006.09.02).]
\scratchcounter=\count313
\scratchdimen=\dimen261
\scratchbox=\box63
\nofMPsegments=\count314
\nofMParguments=\count315
\everyMPshowfont=\toks30
\MPscratchCnt=\count316
\MPscratchDim=\dimen262
\MPnumerator=\count317
\makeMPintoPDFobject=\count318
\everyMPtoPDFconversion=\toks31
) (C:\Users\kobez\AppData\Local\Programs\MiKTeX\tex/latex/epstopdf-pkg\epstopdf-base.sty
Package: epstopdf-base 2020-01-24 v2.11 Base part for package epstopdf
Package epstopdf-base Info: Redefining graphics rule for `.eps' on input line 485.
) (C:\Users\kobez\AppData\Local\Programs\MiKTeX\tex/latex/siunitx\siunitx-abbreviations.cfg
File: siunitx-abbreviations.cfg 2017/11/26 v2.7k siunitx: Abbreviated units
) (C:\Users\kobez\AppData\Local\Programs\MiKTeX\tex/latex/translator\translator-basic-dictionary-English.dict
Dictionary: translator-basic-dictionary, Language: English 
)
LaTeX Font Info:    Trying to load font information for OT1+ntxtlf on input line 38.
 (C:\Users\kobez\AppData\Local\Programs\MiKTeX\tex/latex/newtx\ot1ntxtlf.fd
File: ot1ntxtlf.fd 2021/05/24 v1.0 font definition file for OT1/ntx/tlf
)
LaTeX Font Info:    Trying to load font information for U+msa on input line 38.
 (C:\Users\kobez\AppData\Local\Programs\MiKTeX\tex/latex/amsfonts\umsa.fd
File: umsa.fd 2013/01/14 v3.01 AMS symbols A
)
LaTeX Font Info:    Trying to load font information for U+msb on input line 38.
 (C:\Users\kobez\AppData\Local\Programs\MiKTeX\tex/latex/amsfonts\umsb.fd
File: umsb.fd 2013/01/14 v3.01 AMS symbols B
)
LaTeX Font Info:    Trying to load font information for U+ntxmia on input line 38.
 (C:\Users\kobez\AppData\Local\Programs\MiKTeX\tex/latex/newtx\untxmia.fd
File: untxmia.fd 2018/04/14 Fontinst v1.933 font definitions for U/ntxmia.
)
LaTeX Font Info:    Trying to load font information for U+ntxsym on input line 38.
 (C:\Users\kobez\AppData\Local\Programs\MiKTeX\tex/latex/newtx\untxsym.fd
File: untxsym.fd 2015/03/20 Fontinst v1.933 font definitions for U/ntxsym.
)
LaTeX Font Info:    Trying to load font information for U+ntxsyc on input line 38.
 (C:\Users\kobez\AppData\Local\Programs\MiKTeX\tex/latex/newtx\untxsyc.fd
File: untxsyc.fd 2012/04/12 Fontinst v1.933 font definitions for U/ntxsyc.
)
LaTeX Font Info:    Trying to load font information for T1+phv on input line 38.
 (C:\Users\kobez\AppData\Local\Programs\MiKTeX\tex/latex/psnfss\t1phv.fd
File: t1phv.fd 2020/03/25 scalable font definitions for T1/phv.
)
LaTeX Font Info:    Trying to load font information for T1+pcr on input line 38.
 (C:\Users\kobez\AppData\Local\Programs\MiKTeX\tex/latex/psnfss\t1pcr.fd
File: t1pcr.fd 2001/06/04 font definitions for T1/pcr.
) (algorithm.tex
Underfull \vbox (badness 10000) has occurred while \output is active []

 [1{C:/Users/kobez/AppData/Local/MiKTeX/pdftex/config/pdftex.map}


] [2] [3]
Overfull \hbox (4.78389pt too wide) detected at line 615
[][]
 []


Overfull \hbox (1.64917pt too wide) in paragraph at lines 624--625
[]$           []\OML/ntxmi/b/it/10 h[]h[][]h[]h[] [] []$ 
 []


Overfull \hbox (1.64917pt too wide) in paragraph at lines 628--633
[]$           []\OML/ntxmi/b/it/10 h[]h[][]h[]h[] [] []$
 []


Overfull \hbox (3.06694pt too wide) detected at line 678
[][][]
 []


Overfull \hbox (4.42525pt too wide) detected at line 705
\LMS/ntxsy/m/n/10 ! [][]
 []

)

** Conference Paper **
Before submitting the final camera ready copy, remember to:

 1. Manually equalize the lengths of two columns on the last page
 of your paper;

 2. Ensure that any PostScript and/or PDF output post-processing
 uses only Type 1 fonts and that every step in the generation
 process uses the appropriate paper size.

[4] (paper.aux) ) 
Here is how much of TeX's memory you used:
 10232 strings out of 479334
 176309 string characters out of 2857084
 496475 words of memory out of 3000000
 27492 multiletter control sequences out of 15000+200000
 537103 words of font info for 180 fonts, out of 3000000 for 9000
 1141 hyphenation exceptions out of 8191
 68i,17n,75p,344b,414s stack positions out of 5000i,500n,10000p,200000b,50000s
{C:/Users/kobez/AppData/Local/Programs/MiKTeX/fonts/enc/dvips/newtx/ntx-ot1-tlf.enc}{C:/Users/kobez/AppData/Local/Programs/MiKTeX/fonts/enc/dvips/base/8r.enc}<C:/Users/kobez/AppData/Local/Programs/MiKTeX/fonts/type1/public/newtx/NewTXBMI.pfb><C:/Users/kobez/AppData/Local/Programs/MiKTeX/fonts/type1/public/newtx/NewTXMI.pfb><C:/Users/kobez/AppData/Local/Programs/MiKTeX/fonts/type1/public/newtx/NewTXMI7.pfb><C:/Users/kobez/AppData/Local/Programs/MiKTeX/fonts/type1/public/amsfonts/symbols/msam10.pfb><C:/Users/kobez/AppData/Local/Programs/MiKTeX/fonts/type1/public/newtx/txexs.pfb><C:/Users/kobez/AppData/Local/Programs/MiKTeX/fonts/type1/public/newtx/txmiaX.pfb><C:/Users/kobez/AppData/Local/Programs/MiKTeX/fonts/type1/public/newtx/txsys.pfb><C:/Users/kobez/AppData/Local/Programs/MiKTeX/fonts/type1/urw/times/utmb8a.pfb><C:/Users/kobez/AppData/Local/Programs/MiKTeX/fonts/type1/urw/times/utmbi8a.pfb><C:/Users/kobez/AppData/Local/Programs/MiKTeX/fonts/type1/urw/times/utmr8a.pfb><C:/Users/kobez/AppData/Local/Programs/MiKTeX/fonts/type1/urw/times/utmri8a.pfb><C:/Users/kobez/AppData/Local/Programs/MiKTeX/fonts/type1/public/newtx/ztmr.pfb>
Output written on paper.pdf (4 pages, 157961 bytes).
PDF statistics:
 77 PDF objects out of 1000 (max. 8388607)
 0 named destinations out of 1000 (max. 500000)
 1 words of extra memory for PDF output out of 10000 (max. 10000000)

